2023-11-07 20:44:59.439 [info] Уровень ведения журнала: Info
2023-11-07 20:44:59.439 [info] Проверка найденного Git в: "/usr/local/bin/git"
2023-11-07 20:44:59.454 [info] Используется Git "2.15.0" из "/usr/local/bin/git"
2023-11-07 20:45:04.435 [info] Уровень ведения журнала: Info
2023-11-07 20:45:04.435 [info] Проверка найденного Git в: "/usr/local/bin/git"
2023-11-07 20:45:04.449 [info] Используется Git "2.15.0" из "/usr/local/bin/git"
2023-11-07 20:45:04.485 [info] > git rev-parse --show-toplevel [31ms]
2023-11-07 20:45:04.509 [info] > git rev-parse --git-dir --git-common-dir [22ms]
2023-11-07 20:45:04.514 [info] Open repository: /Users/barcelona/Desktop/Serjtru/Kontur/Reps/Lesson 47/project_2
2023-11-07 20:45:04.540 [info] > git config --get commit.template [20ms]
2023-11-07 20:45:04.541 [info] > git ls-tree -l HEAD -- /Users/barcelona/Desktop/Serjtru/Kontur/Reps/Lesson 47/project_2/github.txt [24ms]
2023-11-07 20:45:04.542 [info] > git show --textconv HEAD:github.txt [26ms]
2023-11-07 20:45:04.543 [info] > git for-each-ref --format=%(refname)%00%(upstream:short)%00%(objectname)%00%(upstream:track) --ignore-case refs/heads/Branch_1 refs/remotes/Branch_1 [23ms]
2023-11-07 20:45:04.569 [info] > git status -z -uall [25ms]
2023-11-07 20:45:04.595 [info] > git config --get commit.template [22ms]
2023-11-07 20:45:04.598 [info] > git ls-tree -l HEAD -- /Users/barcelona/Desktop/Serjtru/Kontur/Reps/Lesson 47/project_2/github.txt [23ms]
2023-11-07 20:45:04.600 [info] > git for-each-ref --format=%(refname)%00%(upstream:short)%00%(objectname)%00%(upstream:track) --ignore-case refs/heads/Branch_1 refs/remotes/Branch_1 [23ms]
2023-11-07 20:45:04.625 [info] > git status -z -uall [24ms]
2023-11-07 20:45:06.394 [info] > git check-ignore -v -z --stdin [36ms]
2023-11-07 20:45:12.525 [info] > git ls-files --stage -- /Users/barcelona/Desktop/Serjtru/Kontur/Reps/Lesson 47/project_2/github.txt [31ms]
2023-11-07 20:45:12.526 [info] > git show --textconv :github.txt [34ms]
2023-11-07 20:45:12.551 [info] > git cat-file -s e69de29bb2d1d6434b8b29ae775ad8c2e48c5391 [25ms]
2023-11-07 20:45:20.846 [info] > git add -A -- /Users/barcelona/Desktop/Serjtru/Kontur/Reps/Lesson 47/project_2/github.txt [40ms]
2023-11-07 20:45:20.870 [info] > git config --get commit.template [22ms]
2023-11-07 20:45:20.872 [info] > git for-each-ref --format=%(refname)%00%(upstream:short)%00%(objectname)%00%(upstream:track) --ignore-case refs/heads/Branch_1 refs/remotes/Branch_1 [23ms]
2023-11-07 20:45:20.894 [info] > git status -z -uall [21ms]
2023-11-07 20:45:22.178 [info] > git config --get commit.template [35ms]
2023-11-07 20:45:22.180 [info] > git for-each-ref --format=%(refname)%00%(upstream:short)%00%(objectname)%00%(upstream:track) --ignore-case refs/heads/Branch_1 refs/remotes/Branch_1 [35ms]
2023-11-07 20:45:22.208 [info] > git status -z -uall [26ms]
2023-11-07 20:45:27.194 [info] > git -c user.useConfigOnly=true commit --quiet --allow-empty-message --file - [41ms]
2023-11-07 20:45:27.220 [info] > git config --get commit.template [25ms]
2023-11-07 20:45:27.243 [info] > git config --get commit.template [21ms]
2023-11-07 20:45:27.244 [info] > git for-each-ref --format=%(refname)%00%(upstream:short)%00%(objectname)%00%(upstream:track) --ignore-case refs/heads/Branch_1 refs/remotes/Branch_1 [21ms]
2023-11-07 20:45:27.268 [info] > git status -z -uall [22ms]
2023-11-07 20:45:27.295 [info] > git config --get commit.template [23ms]
2023-11-07 20:45:27.296 [info] > git for-each-ref --format=%(refname)%00%(upstream:short)%00%(objectname)%00%(upstream:track) --ignore-case refs/heads/Branch_1 refs/remotes/Branch_1 [23ms]
2023-11-07 20:45:27.308 [info] > git config --get commit.template [21ms]
2023-11-07 20:45:27.311 [info] > git for-each-ref --format=%(refname)%00%(upstream:short)%00%(objectname)%00%(upstream:track) --ignore-case refs/heads/Branch_1 refs/remotes/Branch_1 [23ms]
2023-11-07 20:45:27.335 [info] > git status -z -uall [22ms]
2023-11-07 20:47:32.612 [info] > git config --get commit.template [30ms]
2023-11-07 20:47:32.615 [info] > git for-each-ref --format=%(refname)%00%(upstream:short)%00%(objectname)%00%(upstream:track) --ignore-case refs/heads/Branch_1 refs/remotes/Branch_1 [32ms]
2023-11-07 20:47:32.643 [info] > git status -z -uall [27ms]
2023-11-07 20:47:40.254 [info] > git for-each-ref --sort -committerdate --format %(refname) %(objectname) %(*objectname) [28ms]
2023-11-07 20:47:42.361 [info] > git checkout -q master [41ms]
2023-11-07 20:47:42.386 [info] > git config --get commit.template [22ms]
2023-11-07 20:47:42.387 [info] > git for-each-ref --format=%(refname)%00%(upstream:short)%00%(objectname)%00%(upstream:track) --ignore-case refs/heads/master refs/remotes/master [23ms]
2023-11-07 20:47:42.411 [info] > git status -z -uall [23ms]
2023-11-07 20:47:44.645 [info] > git config --get commit.template [37ms]
2023-11-07 20:47:44.648 [info] > git for-each-ref --format=%(refname)%00%(upstream:short)%00%(objectname)%00%(upstream:track) --ignore-case refs/heads/master refs/remotes/master [37ms]
2023-11-07 20:47:44.675 [info] > git status -z -uall [26ms]
2023-11-07 20:48:00.658 [info] > git config --get commit.template [32ms]
2023-11-07 20:48:00.661 [info] > git for-each-ref --format=%(refname)%00%(upstream:short)%00%(objectname)%00%(upstream:track) --ignore-case refs/heads/master refs/remotes/master [33ms]
2023-11-07 20:48:00.687 [info] > git status -z -uall [25ms]
2023-11-07 20:48:06.792 [info] > git for-each-ref --sort -committerdate --format %(refname) %(objectname) %(*objectname) [37ms]
2023-11-07 20:48:45.475 [info] > git for-each-ref --sort -committerdate --format %(refname) %(objectname) %(*objectname) [29ms]
2023-11-07 20:48:47.711 [info] > git merge Branch_1 [53ms]
2023-11-07 20:48:47.733 [info] > git config --get commit.template [21ms]
2023-11-07 20:48:47.735 [info] > git for-each-ref --format=%(refname)%00%(upstream:short)%00%(objectname)%00%(upstream:track) --ignore-case refs/heads/master refs/remotes/master [21ms]
2023-11-07 20:48:47.757 [info] > git status -z -uall [22ms]
2023-11-07 20:48:48.894 [info] > git config --get commit.template [39ms]
2023-11-07 20:48:48.897 [info] > git for-each-ref --format=%(refname)%00%(upstream:short)%00%(objectname)%00%(upstream:track) --ignore-case refs/heads/master refs/remotes/master [39ms]
2023-11-07 20:48:48.924 [info] > git status -z -uall [26ms]
2023-11-07 20:48:51.508 [info] > git log --oneline --cherry master...master@{upstream} -- [40ms]
2023-11-07 20:48:51.945 [info] > git pull --tags origin master [436ms]
2023-11-07 20:48:51.945 [info] From https://github.com/Serjtru/project_2
 * branch            master     -> FETCH_HEAD
2023-11-07 20:48:53.969 [info] > git push origin master:master [2023ms]
2023-11-07 20:48:53.969 [info] To https://github.com/Serjtru/project_2.git
   3c907f9..5ba774e  master -> master
2023-11-07 20:48:54.002 [info] > git config --get commit.template [30ms]
2023-11-07 20:48:54.006 [info] > git for-each-ref --format=%(refname)%00%(upstream:short)%00%(objectname)%00%(upstream:track) --ignore-case refs/heads/master refs/remotes/master [32ms]
2023-11-07 20:48:54.032 [info] > git status -z -uall [25ms]
2023-11-07 20:48:54.056 [info] > git config --get commit.template [21ms]
2023-11-07 20:48:54.059 [info] > git for-each-ref --format=%(refname)%00%(upstream:short)%00%(objectname)%00%(upstream:track) --ignore-case refs/heads/master refs/remotes/master [22ms]
2023-11-07 20:48:54.082 [info] > git status -z -uall [22ms]
2023-11-07 20:48:59.130 [info] > git config --get commit.template [37ms]
2023-11-07 20:48:59.135 [info] > git for-each-ref --format=%(refname)%00%(upstream:short)%00%(objectname)%00%(upstream:track) --ignore-case refs/heads/master refs/remotes/master [39ms]
2023-11-07 20:48:59.163 [info] > git status -z -uall [26ms]
2023-11-07 20:49:07.195 [info] > git check-ignore -v -z --stdin [40ms]
2023-11-07 20:51:29.490 [info] > git tag -a tag1 -m tag1 message text [46ms]
2023-11-07 20:51:29.516 [info] > git config --get commit.template [24ms]
2023-11-07 20:51:29.518 [info] > git for-each-ref --format=%(refname)%00%(upstream:short)%00%(objectname)%00%(upstream:track) --ignore-case refs/heads/master refs/remotes/master [25ms]
2023-11-07 20:51:29.542 [info] > git status -z -uall [23ms]
2023-11-07 20:51:53.026 [info] > git for-each-ref --sort -committerdate --format %(refname) %(objectname) %(*objectname) refs/tags [36ms]
2023-11-07 20:53:04.902 [info] > git log --oneline --cherry master...master@{upstream} -- [36ms]
2023-11-07 20:53:05.431 [info] > git pull --tags origin master [527ms]
2023-11-07 20:53:05.431 [info] From https://github.com/Serjtru/project_2
 * branch            master     -> FETCH_HEAD
2023-11-07 20:53:05.454 [info] > git config --get commit.template [21ms]
2023-11-07 20:53:05.457 [info] > git for-each-ref --format=%(refname)%00%(upstream:short)%00%(objectname)%00%(upstream:track) --ignore-case refs/heads/master refs/remotes/master [23ms]
2023-11-07 20:53:05.481 [info] > git status -z -uall [23ms]
2023-11-07 20:53:06.620 [info] > git config --get commit.template [35ms]
2023-11-07 20:53:06.625 [info] > git for-each-ref --format=%(refname)%00%(upstream:short)%00%(objectname)%00%(upstream:track) --ignore-case refs/heads/master refs/remotes/master [38ms]
2023-11-07 20:53:06.653 [info] > git status -z -uall [26ms]
2023-11-07 20:53:24.888 [info] > git push origin master:master [649ms]
2023-11-07 20:53:24.888 [info] Everything up-to-date
2023-11-07 20:53:24.910 [info] > git config --get commit.template [20ms]
2023-11-07 20:53:24.912 [info] > git for-each-ref --format=%(refname)%00%(upstream:short)%00%(objectname)%00%(upstream:track) --ignore-case refs/heads/master refs/remotes/master [22ms]
2023-11-07 20:53:24.935 [info] > git status -z -uall [21ms]
2023-11-07 20:55:56.103 [info] > git for-each-ref --sort -committerdate --format %(refname) %(objectname) %(*objectname) [28ms]
2023-11-07 20:55:58.495 [info] > git checkout -q Branch_1 [41ms]
2023-11-07 20:55:58.520 [info] > git config --get commit.template [24ms]
2023-11-07 20:55:58.522 [info] > git for-each-ref --format=%(refname)%00%(upstream:short)%00%(objectname)%00%(upstream:track) --ignore-case refs/heads/Branch_1 refs/remotes/Branch_1 [24ms]
2023-11-07 20:55:58.545 [info] > git status -z -uall [22ms]
2023-11-07 20:55:59.816 [info] > git config --get commit.template [39ms]
2023-11-07 20:55:59.818 [info] > git for-each-ref --format=%(refname)%00%(upstream:short)%00%(objectname)%00%(upstream:track) --ignore-case refs/heads/Branch_1 refs/remotes/Branch_1 [39ms]
2023-11-07 20:55:59.846 [info] > git status -z -uall [27ms]
2023-11-07 20:56:07.628 [info] > git push [36ms]
2023-11-07 20:56:07.628 [info] fatal: The current branch Branch_1 has no upstream branch.
To push the current branch and set the remote as upstream, use

    git push --set-upstream origin Branch_1
2023-11-07 20:56:07.652 [info] > git config --get commit.template [23ms]
2023-11-07 20:56:07.654 [info] > git for-each-ref --format=%(refname)%00%(upstream:short)%00%(objectname)%00%(upstream:track) --ignore-case refs/heads/Branch_1 refs/remotes/Branch_1 [24ms]
2023-11-07 20:56:07.678 [info] > git status -z -uall [22ms]
2023-11-07 20:56:12.791 [info] > git push -u origin Branch_1 [1346ms]
2023-11-07 20:56:12.791 [info] remote: 
remote: Create a pull request for 'Branch_1' on GitHub by visiting:        
remote:      https://github.com/Serjtru/project_2/pull/new/Branch_1        
remote: 
To https://github.com/Serjtru/project_2.git
 * [new branch]      Branch_1 -> Branch_1
2023-11-07 20:56:12.824 [info] > git config --get commit.template [31ms]
2023-11-07 20:56:12.826 [info] > git for-each-ref --format=%(refname)%00%(upstream:short)%00%(objectname)%00%(upstream:track) --ignore-case refs/heads/Branch_1 refs/remotes/Branch_1 [31ms]
2023-11-07 20:56:12.852 [info] > git status -z -uall [25ms]
2023-11-07 20:56:13.918 [info] > git config --get commit.template [40ms]
2023-11-07 20:56:13.920 [info] > git for-each-ref --format=%(refname)%00%(upstream:short)%00%(objectname)%00%(upstream:track) --ignore-case refs/heads/Branch_1 refs/remotes/Branch_1 [39ms]
2023-11-07 20:56:13.948 [info] > git status -z -uall [25ms]
2023-11-07 21:01:21.220 [info] > git for-each-ref --sort -committerdate --format %(refname) %(objectname) %(*objectname) [28ms]
2023-11-07 21:01:22.945 [info] > git checkout -q master [42ms]
2023-11-07 21:01:22.971 [info] > git config --get commit.template [24ms]
2023-11-07 21:01:22.973 [info] > git for-each-ref --format=%(refname)%00%(upstream:short)%00%(objectname)%00%(upstream:track) --ignore-case refs/heads/master refs/remotes/master [25ms]
2023-11-07 21:01:22.997 [info] > git status -z -uall [23ms]
2023-11-07 21:01:25.567 [info] > git config --get commit.template [22ms]
2023-11-07 21:01:25.569 [info] > git for-each-ref --format=%(refname)%00%(upstream:short)%00%(objectname)%00%(upstream:track) --ignore-case refs/heads/master refs/remotes/master [24ms]
2023-11-07 21:01:25.593 [info] > git status -z -uall [23ms]
2023-11-07 21:01:32.240 [info] > git log --format=%H%n%aN%n%aE%n%at%n%ct%n%P%n%D%n%B -z -n120 -- /Users/barcelona/Desktop/Serjtru/Kontur/Reps/Lesson 47/project_2/github.txt [26ms]
2023-11-07 21:01:32.417 [info] > git ls-files --stage -- /Users/barcelona/Desktop/Serjtru/Kontur/Reps/Lesson 47/project_2/github.txt [27ms]
2023-11-07 21:01:32.418 [info] > git show --textconv :github.txt [29ms]
2023-11-07 21:01:32.441 [info] > git cat-file -s cd0875583aabe89ee197ea133980a9085d08e497 [23ms]
2023-11-07 21:01:33.289 [info] > git log --format=%H%n%aN%n%aE%n%at%n%ct%n%P%n%D%n%B -z -n120 -- /Users/barcelona/Desktop/Serjtru/Kontur/Reps/Lesson 47/project_2/readme.md [29ms]
2023-11-07 21:01:33.486 [info] > git ls-files --stage -- /Users/barcelona/Desktop/Serjtru/Kontur/Reps/Lesson 47/project_2/readme.md [21ms]
2023-11-07 21:01:33.487 [info] > git show --textconv :readme.md [23ms]
2023-11-07 21:01:33.510 [info] > git cat-file -s e69de29bb2d1d6434b8b29ae775ad8c2e48c5391 [23ms]
2023-11-07 21:01:34.884 [info] > git log --format=%H%n%aN%n%aE%n%at%n%ct%n%P%n%D%n%B -z -n120 -- /Users/barcelona/Desktop/Serjtru/Kontur/Reps/Lesson 47/project_2/github.txt [29ms]
2023-11-07 21:01:35.095 [info] > git ls-files --stage -- /Users/barcelona/Desktop/Serjtru/Kontur/Reps/Lesson 47/project_2/github.txt [31ms]
2023-11-07 21:01:35.097 [info] > git show --textconv :github.txt [34ms]
2023-11-07 21:01:35.122 [info] > git cat-file -s cd0875583aabe89ee197ea133980a9085d08e497 [25ms]
2023-11-07 21:02:06.303 [info] > git rev-parse --show-toplevel [24ms]
2023-11-07 21:02:06.303 [info] fatal: Not a git repository (or any of the parent directories): .git
